<?xml version="1.0" encoding="UTF-8"?>
<!-- Generated by org.testng.reporters.JUnitReportReporter -->
<testsuite hostname="Afjalpc12" failures="0" tests="1" name="com.nopcommerce.com.testrunner.SearchData_Runner" time="17.813" errors="0" timestamp="2023-07-19T09:07:33 IST" skipped="0">
  <testcase classname="com.nopcommerce.com.testrunner.SearchData_Runner" name="runScenario" time="17.813"/>
  <system-out/>
</testsuite> <!-- com.nopcommerce.com.testrunner.SearchData_Runner -->
